<?xml version="1.0" encoding="UTF-8"?>
<!-- Generated by org.testng.reporters.JUnitReportReporter -->
<testsuite hostname="INGROINFO-PC10" failures="0" tests="64" name="new_user_registration.Cheque_bounce" time="1846.317" errors="1" timestamp="2023-08-16T11:14:13 IST" skipped="0">
  <testcase classname="new_user_registration.Cheque_bounce" name="cheque" time="25.425"/>
  <testcase classname="new_user_registration.Cheque_bounce" name="cheque" time="25.318"/>
  <testcase classname="new_user_registration.Cheque_bounce" name="cheque" time="33.922"/>
  <testcase classname="new_user_registration.Cheque_bounce" name="cheque" time="22.973"/>
  <testcase classname="new_user_registration.Cheque_bounce" name="cheque" time="26.070"/>
  <testcase classname="new_user_registration.Cheque_bounce" name="cheque" time="36.373"/>
  <testcase classname="new_user_registration.Cheque_bounce" name="cheque" time="31.021"/>
  <testcase classname="new_user_registration.Cheque_bounce" name="cheque" time="31.052"/>
  <testcase classname="new_user_registration.Cheque_bounce" name="cheque" time="25.914"/>
  <testcase classname="new_user_registration.Cheque_bounce" name="cheque" time="25.726"/>
  <testcase classname="new_user_registration.Cheque_bounce" name="cheque" time="28.597"/>
  <testcase classname="new_user_registration.Cheque_bounce" name="cheque" time="26.055"/>
  <testcase classname="new_user_registration.Cheque_bounce" name="cheque" time="26.251"/>
  <testcase classname="new_user_registration.Cheque_bounce" name="cheque" time="25.652"/>
  <testcase classname="new_user_registration.Cheque_bounce" name="cheque" time="33.353"/>
  <testcase classname="new_user_registration.Cheque_bounce" name="cheque" time="34.417"/>
  <testcase classname="new_user_registration.Cheque_bounce" name="cheque" time="25.881"/>
  <testcase classname="new_user_registration.Cheque_bounce" name="cheque" time="26.113"/>
  <testcase classname="new_user_registration.Cheque_bounce" name="cheque" time="23.034"/>
  <testcase classname="new_user_registration.Cheque_bounce" name="cheque" time="33.560"/>
  <testcase classname="new_user_registration.Cheque_bounce" name="cheque" time="31.168"/>
  <testcase classname="new_user_registration.Cheque_bounce" name="cheque" time="25.547"/>
  <testcase classname="new_user_registration.Cheque_bounce" name="cheque" time="31.631"/>
  <testcase classname="new_user_registration.Cheque_bounce" name="cheque" time="25.546"/>
  <testcase classname="new_user_registration.Cheque_bounce" name="cheque" time="16.640">
    <error message="no such element: Unable to locate element: {&quot;method&quot;:&quot;css selector&quot;,&quot;selector&quot;:&quot;*[name=&#039;chqOrderNo&#039;]&quot;}
  (Session info: chrome=115.0.5790.171)
For documentation on this error, please visit: https://www.selenium.dev/documentation/webdriver/troubleshooting/errors#no-such-element-exception
Build info: version: &#039;4.10.0&#039;, revision: &#039;c14d967899&#039;
System info: os.name: &#039;Windows 10&#039;, os.arch: &#039;amd64&#039;, os.version: &#039;10.0&#039;, java.version: &#039;17.0.5&#039;
Driver info: org.openqa.selenium.chrome.ChromeDriver
Command: [c1a6121274636316dae81a3c197fde45, findElement {using=name, value=chqOrderNo}]
Capabilities {acceptInsecureCerts: false, browserName: chrome, browserVersion: 115.0.5790.171, chrome: {chromedriverVersion: 114.0.5735.90 (386bc09e8f4f..., userDataDir: C:\Users\DELL\AppData\Local...}, goog:chromeOptions: {debuggerAddress: localhost:52168}, networkConnectionEnabled: false, pageLoadStrategy: normal, platformName: windows, proxy: Proxy(), se:cdp: ws://localhost:52168/devtoo..., se:cdpVersion: 115.0.5790.171, setWindowRect: true, strictFileInteractability: false, timeouts: {implicit: 0, pageLoad: 300000, script: 30000}, unhandledPromptBehavior: dismiss and notify, webauthn:extension:credBlob: true, webauthn:extension:largeBlob: true, webauthn:extension:minPinLength: true, webauthn:extension:prf: true, webauthn:virtualAuthenticators: true}
Session ID: c1a6121274636316dae81a3c197fde45" type="org.openqa.selenium.NoSuchElementException">
      <![CDATA[org.openqa.selenium.NoSuchElementException: no such element: Unable to locate element: {"method":"css selector","selector":"*[name='chqOrderNo']"}
  (Session info: chrome=115.0.5790.171)
For documentation on this error, please visit: https://www.selenium.dev/documentation/webdriver/troubleshooting/errors#no-such-element-exception
Build info: version: '4.10.0', revision: 'c14d967899'
System info: os.name: 'Windows 10', os.arch: 'amd64', os.version: '10.0', java.version: '17.0.5'
Driver info: org.openqa.selenium.chrome.ChromeDriver
Command: [c1a6121274636316dae81a3c197fde45, findElement {using=name, value=chqOrderNo}]
Capabilities {acceptInsecureCerts: false, browserName: chrome, browserVersion: 115.0.5790.171, chrome: {chromedriverVersion: 114.0.5735.90 (386bc09e8f4f..., userDataDir: C:\Users\DELL\AppData\Local...}, goog:chromeOptions: {debuggerAddress: localhost:52168}, networkConnectionEnabled: false, pageLoadStrategy: normal, platformName: windows, proxy: Proxy(), se:cdp: ws://localhost:52168/devtoo..., se:cdpVersion: 115.0.5790.171, setWindowRect: true, strictFileInteractability: false, timeouts: {implicit: 0, pageLoad: 300000, script: 30000}, unhandledPromptBehavior: dismiss and notify, webauthn:extension:credBlob: true, webauthn:extension:largeBlob: true, webauthn:extension:minPinLength: true, webauthn:extension:prf: true, webauthn:virtualAuthenticators: true}
Session ID: c1a6121274636316dae81a3c197fde45
at java.base/jdk.internal.reflect.NativeConstructorAccessorImpl.newInstance0(Native Method)
at java.base/jdk.internal.reflect.NativeConstructorAccessorImpl.newInstance(NativeConstructorAccessorImpl.java:77)
at java.base/jdk.internal.reflect.DelegatingConstructorAccessorImpl.newInstance(DelegatingConstructorAccessorImpl.java:45)
at java.base/java.lang.reflect.Constructor.newInstanceWithCaller(Constructor.java:499)
at java.base/java.lang.reflect.Constructor.newInstance(Constructor.java:480)
at org.openqa.selenium.remote.codec.w3c.W3CHttpResponseCodec.createException(W3CHttpResponseCodec.java:199)
at org.openqa.selenium.remote.codec.w3c.W3CHttpResponseCodec.decode(W3CHttpResponseCodec.java:132)
at org.openqa.selenium.remote.codec.w3c.W3CHttpResponseCodec.decode(W3CHttpResponseCodec.java:51)
at org.openqa.selenium.remote.HttpCommandExecutor.execute(HttpCommandExecutor.java:191)
at org.openqa.selenium.remote.service.DriverCommandExecutor.invokeExecute(DriverCommandExecutor.java:196)
at org.openqa.selenium.remote.service.DriverCommandExecutor.execute(DriverCommandExecutor.java:171)
at org.openqa.selenium.remote.RemoteWebDriver.execute(RemoteWebDriver.java:531)
at org.openqa.selenium.remote.ElementLocation$ElementFinder$2.findElement(ElementLocation.java:165)
at org.openqa.selenium.remote.ElementLocation.findElement(ElementLocation.java:59)
at org.openqa.selenium.remote.RemoteWebDriver.findElement(RemoteWebDriver.java:350)
at org.openqa.selenium.remote.RemoteWebDriver.findElement(RemoteWebDriver.java:344)
at sagar_selenium_base.Base.element(Base.java:97)
at new_user_registration.Cheque_bounce.cheque(Cheque_bounce.java:37)
at jdk.internal.reflect.GeneratedMethodAccessor1.invoke(Unknown Source)
at java.base/jdk.internal.reflect.DelegatingMethodAccessorImpl.invoke(DelegatingMethodAccessorImpl.java:43)
at java.base/java.lang.reflect.Method.invoke(Method.java:568)
at org.testng.internal.invokers.MethodInvocationHelper.invokeMethod(MethodInvocationHelper.java:139)
at org.testng.internal.invokers.TestInvoker.invokeMethod(TestInvoker.java:664)
at org.testng.internal.invokers.TestInvoker.invokeTestMethod(TestInvoker.java:227)
at org.testng.internal.invokers.MethodRunner.runInSequence(MethodRunner.java:50)
at org.testng.internal.invokers.TestInvoker$MethodInvocationAgent.invoke(TestInvoker.java:957)
at org.testng.internal.invokers.TestInvoker.invokeTestMethods(TestInvoker.java:200)
at org.testng.internal.invokers.TestMethodWorker.invokeTestMethods(TestMethodWorker.java:148)
at org.testng.internal.invokers.TestMethodWorker.run(TestMethodWorker.java:128)
at java.base/java.util.ArrayList.forEach(ArrayList.java:1511)
at org.testng.TestRunner.privateRun(TestRunner.java:848)
at org.testng.TestRunner.run(TestRunner.java:621)
at org.testng.SuiteRunner.runTest(SuiteRunner.java:443)
at org.testng.SuiteRunner.runSequentially(SuiteRunner.java:437)
at org.testng.SuiteRunner.privateRun(SuiteRunner.java:397)
at org.testng.SuiteRunner.run(SuiteRunner.java:336)
at org.testng.SuiteRunnerWorker.runSuite(SuiteRunnerWorker.java:52)
at org.testng.SuiteRunnerWorker.run(SuiteRunnerWorker.java:95)
at org.testng.TestNG.runSuitesSequentially(TestNG.java:1280)
at org.testng.TestNG.runSuitesLocally(TestNG.java:1200)
at org.testng.TestNG.runSuites(TestNG.java:1114)
at org.testng.TestNG.run(TestNG.java:1082)
at org.testng.remote.AbstractRemoteTestNG.run(AbstractRemoteTestNG.java:115)
at org.testng.remote.RemoteTestNG.initAndRun(RemoteTestNG.java:251)
at org.testng.remote.RemoteTestNG.main(RemoteTestNG.java:77)
]]>
    </error>
  </testcase> <!-- cheque -->
  <testcase classname="new_user_registration.Cheque_bounce" name="cheque" time="23.407"/>
  <testcase classname="new_user_registration.Cheque_bounce" name="cheque" time="25.549"/>
  <testcase classname="new_user_registration.Cheque_bounce" name="cheque" time="34.839"/>
  <testcase classname="new_user_registration.Cheque_bounce" name="cheque" time="25.734"/>
  <testcase classname="new_user_registration.Cheque_bounce" name="cheque" time="36.689"/>
  <testcase classname="new_user_registration.Cheque_bounce" name="cheque" time="32.376"/>
  <testcase classname="new_user_registration.Cheque_bounce" name="cheque" time="34.636"/>
  <testcase classname="new_user_registration.Cheque_bounce" name="cheque" time="30.729"/>
  <testcase classname="new_user_registration.Cheque_bounce" name="cheque" time="38.832"/>
  <testcase classname="new_user_registration.Cheque_bounce" name="cheque" time="33.558"/>
  <testcase classname="new_user_registration.Cheque_bounce" name="cheque" time="25.574"/>
  <testcase classname="new_user_registration.Cheque_bounce" name="cheque" time="25.600"/>
  <testcase classname="new_user_registration.Cheque_bounce" name="cheque" time="25.785"/>
  <testcase classname="new_user_registration.Cheque_bounce" name="cheque" time="26.142"/>
  <testcase classname="new_user_registration.Cheque_bounce" name="cheque" time="25.925"/>
  <testcase classname="new_user_registration.Cheque_bounce" name="cheque" time="31.469"/>
  <testcase classname="new_user_registration.Cheque_bounce" name="cheque" time="31.479"/>
  <testcase classname="new_user_registration.Cheque_bounce" name="cheque" time="42.071"/>
  <testcase classname="new_user_registration.Cheque_bounce" name="cheque" time="22.802"/>
  <testcase classname="new_user_registration.Cheque_bounce" name="cheque" time="31.684"/>
  <testcase classname="new_user_registration.Cheque_bounce" name="cheque" time="31.177"/>
  <testcase classname="new_user_registration.Cheque_bounce" name="cheque" time="25.743"/>
  <testcase classname="new_user_registration.Cheque_bounce" name="cheque" time="29.450"/>
  <testcase classname="new_user_registration.Cheque_bounce" name="cheque" time="33.713"/>
  <testcase classname="new_user_registration.Cheque_bounce" name="cheque" time="25.516"/>
  <testcase classname="new_user_registration.Cheque_bounce" name="cheque" time="25.619"/>
  <testcase classname="new_user_registration.Cheque_bounce" name="cheque" time="26.036"/>
  <testcase classname="new_user_registration.Cheque_bounce" name="cheque" time="32.464"/>
  <testcase classname="new_user_registration.Cheque_bounce" name="cheque" time="36.080"/>
  <testcase classname="new_user_registration.Cheque_bounce" name="cheque" time="25.621"/>
  <testcase classname="new_user_registration.Cheque_bounce" name="cheque" time="36.332"/>
  <testcase classname="new_user_registration.Cheque_bounce" name="cheque" time="25.788"/>
  <testcase classname="new_user_registration.Cheque_bounce" name="cheque" time="22.479"/>
  <testcase classname="new_user_registration.Cheque_bounce" name="cheque" time="25.494"/>
  <testcase classname="new_user_registration.Cheque_bounce" name="cheque" time="31.592"/>
  <testcase classname="new_user_registration.Cheque_bounce" name="cheque" time="25.609"/>
  <testcase classname="new_user_registration.Cheque_bounce" name="cheque" time="26.124"/>
  <testcase classname="new_user_registration.Cheque_bounce" name="cheque" time="25.896"/>
  <testcase classname="new_user_registration.Cheque_bounce" name="cheque" time="33.465"/>
</testsuite> <!-- new_user_registration.Cheque_bounce -->
