<?xml version="1.0" encoding="UTF-8"?>
<!-- Generated by org.testng.reporters.JUnitReportReporter -->
<testsuite hostname="INGROINFO-PC10" failures="0" tests="20" name="default3.Login3" time="959.467" errors="1" timestamp="2023-07-13T10:17:27 IST" skipped="0">
  <testcase classname="default3.Login3" name="Billing_Revenue_Management_Login" time="57.014"/>
  <testcase classname="default3.Login3" name="Billing_Revenue_Management_Login" time="79.280"/>
  <testcase classname="default3.Login3" name="Billing_Revenue_Management_Login" time="56.265"/>
  <testcase classname="default3.Login3" name="Billing_Revenue_Management_Login" time="41.237">
    <error message="Could not start a new session. Possible causes are invalid address of the remote server or browser start-up failure. 
Host info: host: &#039;INGROINFO-PC10&#039;, ip: &#039;192.168.0.137&#039;" type="org.openqa.selenium.SessionNotCreatedException">
      <![CDATA[org.openqa.selenium.SessionNotCreatedException: Could not start a new session. Possible causes are invalid address of the remote server or browser start-up failure. 
Host info: host: 'INGROINFO-PC10', ip: '192.168.0.137'
at org.openqa.selenium.remote.RemoteWebDriver.execute(RemoteWebDriver.java:549)
at org.openqa.selenium.remote.RemoteWebDriver.startSession(RemoteWebDriver.java:227)
at org.openqa.selenium.remote.RemoteWebDriver.<init>(RemoteWebDriver.java:154)
at org.openqa.selenium.chromium.ChromiumDriver.<init>(ChromiumDriver.java:107)
at org.openqa.selenium.edge.EdgeDriver.<init>(EdgeDriver.java:59)
at org.openqa.selenium.edge.EdgeDriver.<init>(EdgeDriver.java:55)
at org.openqa.selenium.edge.EdgeDriver.<init>(EdgeDriver.java:47)
at org.openqa.selenium.edge.EdgeDriver.<init>(EdgeDriver.java:43)
at default3.Login3.Billing_Revenue_Management_Login(Login3.java:42)
at jdk.internal.reflect.GeneratedMethodAccessor2.invoke(Unknown Source)
at java.base/jdk.internal.reflect.DelegatingMethodAccessorImpl.invoke(DelegatingMethodAccessorImpl.java:43)
at java.base/java.lang.reflect.Method.invoke(Method.java:568)
at org.testng.internal.invokers.MethodInvocationHelper.invokeMethod(MethodInvocationHelper.java:139)
at org.testng.internal.invokers.TestInvoker.invokeMethod(TestInvoker.java:664)
at org.testng.internal.invokers.TestInvoker.invokeTestMethod(TestInvoker.java:227)
at org.testng.internal.invokers.MethodRunner.runInSequence(MethodRunner.java:50)
at org.testng.internal.invokers.TestInvoker$MethodInvocationAgent.invoke(TestInvoker.java:957)
at org.testng.internal.invokers.TestInvoker.invokeTestMethods(TestInvoker.java:200)
at org.testng.internal.invokers.TestMethodWorker.invokeTestMethods(TestMethodWorker.java:148)
at org.testng.internal.invokers.TestMethodWorker.run(TestMethodWorker.java:128)
at java.base/java.util.ArrayList.forEach(ArrayList.java:1511)
at org.testng.TestRunner.privateRun(TestRunner.java:848)
at org.testng.TestRunner.run(TestRunner.java:621)
at org.testng.SuiteRunner.runTest(SuiteRunner.java:443)
at org.testng.SuiteRunner.runSequentially(SuiteRunner.java:437)
at org.testng.SuiteRunner.privateRun(SuiteRunner.java:397)
at org.testng.SuiteRunner.run(SuiteRunner.java:336)
at org.testng.SuiteRunnerWorker.runSuite(SuiteRunnerWorker.java:52)
at org.testng.SuiteRunnerWorker.run(SuiteRunnerWorker.java:95)
at org.testng.TestNG.runSuitesSequentially(TestNG.java:1280)
at org.testng.TestNG.runSuitesLocally(TestNG.java:1200)
at org.testng.TestNG.runSuites(TestNG.java:1114)
at org.testng.TestNG.run(TestNG.java:1082)
at org.testng.remote.AbstractRemoteTestNG.run(AbstractRemoteTestNG.java:115)
at org.testng.remote.RemoteTestNG.initAndRun(RemoteTestNG.java:251)
at org.testng.remote.RemoteTestNG.main(RemoteTestNG.java:77)
Caused by: org.openqa.selenium.WebDriverException: Timed out waiting for driver server to bind the port.
Build info: version: '4.10.0', revision: 'c14d967899'
System info: os.name: 'Windows 10', os.arch: 'amd64', os.version: '10.0', java.version: '17.0.5'
Driver info: driver.version: EdgeDriver
at org.openqa.selenium.remote.service.DriverService.start(DriverService.java:251)
at org.openqa.selenium.remote.service.DriverCommandExecutor.execute(DriverCommandExecutor.java:119)
at org.openqa.selenium.remote.RemoteWebDriver.execute(RemoteWebDriver.java:531)
... 35 more
]]>
    </error>
  </testcase> <!-- Billing_Revenue_Management_Login -->
  <testcase classname="default3.Login3" name="Billing_Revenue_Management_Login" time="28.916"/>
  <testcase classname="default3.Login3" name="Billing_Revenue_Management_Login" time="17.240"/>
  <testcase classname="default3.Login3" name="Billing_Revenue_Management_Login" time="49.468"/>
  <testcase classname="default3.Login3" name="Billing_Revenue_Management_Login" time="51.953"/>
  <testcase classname="default3.Login3" name="Billing_Revenue_Management_Login" time="38.950"/>
  <testcase classname="default3.Login3" name="Billing_Revenue_Management_Login" time="78.356"/>
  <testcase classname="default3.Login3" name="Billing_Revenue_Management_Login" time="20.778"/>
  <testcase classname="default3.Login3" name="Billing_Revenue_Management_Login" time="16.573"/>
  <testcase classname="default3.Login3" name="Billing_Revenue_Management_Login" time="21.570"/>
  <testcase classname="default3.Login3" name="Billing_Revenue_Management_Login" time="51.050"/>
  <testcase classname="default3.Login3" name="Billing_Revenue_Management_Login" time="30.018"/>
  <testcase classname="default3.Login3" name="Billing_Revenue_Management_Login" time="32.633"/>
  <testcase classname="default3.Login3" name="Billing_Revenue_Management_Login" time="139.365"/>
  <testcase classname="default3.Login3" name="Billing_Revenue_Management_Login" time="20.448"/>
  <testcase classname="default3.Login3" name="Billing_Revenue_Management_Login" time="64.770"/>
  <testcase classname="default3.Login3" name="Billing_Revenue_Management_Login" time="63.583"/>
</testsuite> <!-- default3.Login3 -->
